{
  "stats": {
    "suites": 1,
    "tests": 1,
    "passes": 0,
    "pending": 0,
    "failures": 1,
    "start": "2022-05-26T07:16:14.926Z",
    "end": "2022-05-26T07:16:15.686Z",
    "duration": 760,
    "testsRegistered": 1,
    "passPercent": 0,
    "pendingPercent": 0,
    "other": 0,
    "hasOther": false,
    "skipped": 0,
    "hasSkipped": false
  },
  "results": [
    {
      "uuid": "e7abde59-832f-4b20-b5bd-ad02e50d1dcf",
      "title": "",
      "fullFile": "cypress/integration/Allure.feature",
      "file": "cypress/integration/Allure.feature",
      "beforeHooks": [],
      "afterHooks": [],
      "tests": [],
      "suites": [
        {
          "uuid": "8278e407-b78d-4946-ad89-719fdeb95f1f",
          "title": "Allure Result",
          "fullFile": "",
          "file": "",
          "beforeHooks": [],
          "afterHooks": [],
          "tests": [
            {
              "title": "Open Allure Report",
              "fullTitle": "Allure Result Open Allure Report",
              "timedOut": null,
              "duration": 722,
              "state": "failed",
              "speed": null,
              "pass": false,
              "fail": true,
              "pending": false,
              "context": null,
              "code": "const state = window.testState;\nreturn cy\n  .then(() => state.onStartScenario(scenario, indexedSteps))\n  .then(() =>\n    resolveAndRunBeforeHooks.call(this, scenario.tags, state.feature.name)\n  )\n  .then(() =>\n    indexedSteps.forEach((step) =>\n      stepTest.call(this, state, step, rowData)\n    )\n  )\n  .then(() => state.onFinishScenario(scenario));",
              "err": {
                "message": "CypressError: `cy.visit()` failed trying to load:\n\nhttp://127.0.0.1:5500/allure-report/index.html\n\nWe attempted to make an http request to this URL but the request failed without a response.\n\nWe received this error at the network level:\n\n  > Error: connect ECONNREFUSED 127.0.0.1:5500\n\nCommon situations why this would fail:\n  - you don't have internet access\n  - you forgot to run / boot your web server\n  - your web server isn't accessible\n  - you have weird network configuration settings on your computer",
                "estack": "CypressError: `cy.visit()` failed trying to load:\n\nhttp://127.0.0.1:5500/allure-report/index.html\n\nWe attempted to make an http request to this URL but the request failed without a response.\n\nWe received this error at the network level:\n\n  > Error: connect ECONNREFUSED 127.0.0.1:5500\n\nCommon situations why this would fail:\n  - you don't have internet access\n  - you forgot to run / boot your web server\n  - your web server isn't accessible\n  - you have weird network configuration settings on your computer\n    at http://localhost:54159/__cypress/runner/cypress_runner.js:163608:82\n    at visitFailedByErr (http://localhost:54159/__cypress/runner/cypress_runner.js:162912:12)\n    at http://localhost:54159/__cypress/runner/cypress_runner.js:163607:11\n    at tryCatcher (http://localhost:54159/__cypress/runner/cypress_runner.js:13022:23)\n    at Promise._settlePromiseFromHandler (http://localhost:54159/__cypress/runner/cypress_runner.js:10957:31)\n    at Promise._settlePromise (http://localhost:54159/__cypress/runner/cypress_runner.js:11014:18)\n    at Promise._settlePromise0 (http://localhost:54159/__cypress/runner/cypress_runner.js:11059:10)\n    at Promise._settlePromises (http://localhost:54159/__cypress/runner/cypress_runner.js:11135:18)\n    at _drainQueueStep (http://localhost:54159/__cypress/runner/cypress_runner.js:7729:12)\n    at _drainQueue (http://localhost:54159/__cypress/runner/cypress_runner.js:7722:9)\n    at Async.../../node_modules/bluebird/js/release/async.js.Async._drainQueues (http://localhost:54159/__cypress/runner/cypress_runner.js:7738:5)\n    at Async.drainQueues (http://localhost:54159/__cypress/runner/cypress_runner.js:7608:14)\nFrom Your Spec Code:\n    at Context.eval (http://localhost:54159/__cypress/tests?p=cypress\\integration\\Allure.feature:61:6)\n    at Context.resolveAndRunStepDefinition (http://localhost:54159/__cypress/tests?p=cypress\\integration\\Allure.feature:24901:29)\n    at Context.eval (http://localhost:54159/__cypress/tests?p=cypress\\integration\\Allure.feature:24222:35)\n\nFrom Node.js Internals:\n  Error: connect ECONNREFUSED 127.0.0.1:5500\n      at TCPConnectWrap.afterConnect [as oncomplete] (node:net:1161:16)\n  ",
                "diff": null
              },
              "uuid": "d4035379-18d4-450b-845c-c7fd876961ab",
              "parentUUID": "8278e407-b78d-4946-ad89-719fdeb95f1f",
              "isHook": false,
              "skipped": false
            }
          ],
          "suites": [],
          "passes": [],
          "failures": [
            "d4035379-18d4-450b-845c-c7fd876961ab"
          ],
          "pending": [],
          "skipped": [],
          "duration": 722,
          "root": false,
          "rootEmpty": false,
          "_timeout": 2000
        }
      ],
      "passes": [],
      "failures": [],
      "pending": [],
      "skipped": [],
      "duration": 0,
      "root": true,
      "rootEmpty": true,
      "_timeout": 2000
    }
  ],
  "meta": {
    "mocha": {
      "version": "7.0.1"
    },
    "mochawesome": {
      "options": {
        "quiet": false,
        "reportFilename": "mochawesome",
        "saveHtml": true,
        "saveJson": true,
        "consoleReporter": "spec",
        "useInlineDiffs": false,
        "code": true
      },
      "version": "7.1.3"
    },
    "marge": {
      "options": {
        "charts": true,
        "overwrite": false,
        "html": true,
        "json": true,
        "reportDir": "cypress/reports"
      },
      "version": "6.2.0"
    }
  }
}