{
  "stats": {
    "suites": 1,
    "tests": 6,
    "passes": 2,
    "pending": 4,
    "failures": 0,
    "start": "2022-05-26T11:16:41.673Z",
    "end": "2022-05-26T11:17:30.617Z",
    "duration": 48944,
    "testsRegistered": 6,
    "passPercent": 100,
    "pendingPercent": 66.66666666666666,
    "other": 0,
    "hasOther": false,
    "skipped": 4,
    "hasSkipped": true
  },
  "results": [
    {
      "uuid": "8972d5c2-4815-40c5-8f95-b60b97afb32d",
      "title": "",
      "fullFile": "cypress/integration/BDJobs.feature",
      "file": "cypress/integration/BDJobs.feature",
      "beforeHooks": [],
      "afterHooks": [],
      "tests": [],
      "suites": [
        {
          "uuid": "4eab718f-ac9d-44c9-b3f4-cba188bba011",
          "title": "BDJobs Main Page",
          "fullFile": "",
          "file": "",
          "beforeHooks": [],
          "afterHooks": [],
          "tests": [
            {
              "title": "Opening BDJobs Government Jobs",
              "fullTitle": "BDJobs Main Page Opening BDJobs Government Jobs",
              "timedOut": null,
              "duration": 21382,
              "state": "passed",
              "speed": "slow",
              "pass": true,
              "fail": false,
              "pending": false,
              "context": null,
              "code": "const state = window.testState;\nreturn cy\n  .then(() => state.onStartScenario(scenario, indexedSteps))\n  .then(() =>\n    resolveAndRunBeforeHooks.call(this, scenario.tags, state.feature.name)\n  )\n  .then(() =>\n    indexedSteps.forEach((step) =>\n      stepTest.call(this, state, step, rowData)\n    )\n  )\n  .then(() => state.onFinishScenario(scenario));",
              "err": {},
              "uuid": "85e00dd3-ab0d-4578-a428-000e0b42c998",
              "parentUUID": "4eab718f-ac9d-44c9-b3f4-cba188bba011",
              "isHook": false,
              "skipped": false
            },
            {
              "title": "Opening BDJobs Semi Government Jobs",
              "fullTitle": "BDJobs Main Page Opening BDJobs Semi Government Jobs",
              "timedOut": null,
              "duration": 19547,
              "state": "passed",
              "speed": "slow",
              "pass": true,
              "fail": false,
              "pending": false,
              "context": null,
              "code": "const state = window.testState;\nreturn cy\n  .then(() => state.onStartScenario(scenario, indexedSteps))\n  .then(() =>\n    resolveAndRunBeforeHooks.call(this, scenario.tags, state.feature.name)\n  )\n  .then(() =>\n    indexedSteps.forEach((step) =>\n      stepTest.call(this, state, step, rowData)\n    )\n  )\n  .then(() => state.onFinishScenario(scenario));",
              "err": {},
              "uuid": "1461077e-9b42-45a6-8e4b-adac295700bb",
              "parentUUID": "4eab718f-ac9d-44c9-b3f4-cba188bba011",
              "isHook": false,
              "skipped": false
            },
            {
              "title": "Opening BDJobs NGO Jobs",
              "fullTitle": "BDJobs Main Page Opening BDJobs NGO Jobs",
              "timedOut": null,
              "duration": 241,
              "state": "pending",
              "speed": null,
              "pass": false,
              "fail": false,
              "pending": false,
              "context": null,
              "code": "// register this scenario with the cucumber data collector\n// but don't run it\n// Tell mocha this is a skipped test so it also shows correctly in Cypress\nconst state = window.testState;\ncy.then(() => state.onStartScenario(scenario, indexedSteps))\n  .then(() => state.onFinishScenario(scenario))\n  // eslint-disable-next-line func-names\n  .then(function () {\n    return this.skip();\n  });",
              "err": {},
              "uuid": "5213f673-66d4-433c-b80b-af98f61620fb",
              "parentUUID": "4eab718f-ac9d-44c9-b3f4-cba188bba011",
              "isHook": false,
              "skipped": true
            },
            {
              "title": "Opening BDJobs Private Firm Company Jobs",
              "fullTitle": "BDJobs Main Page Opening BDJobs Private Firm Company Jobs",
              "timedOut": null,
              "duration": 12,
              "state": "pending",
              "speed": null,
              "pass": false,
              "fail": false,
              "pending": false,
              "context": null,
              "code": "// register this scenario with the cucumber data collector\n// but don't run it\n// Tell mocha this is a skipped test so it also shows correctly in Cypress\nconst state = window.testState;\ncy.then(() => state.onStartScenario(scenario, indexedSteps))\n  .then(() => state.onFinishScenario(scenario))\n  // eslint-disable-next-line func-names\n  .then(function () {\n    return this.skip();\n  });",
              "err": {},
              "uuid": "fa0de0c6-2253-4bbd-b5b3-2c19dcf38433",
              "parentUUID": "4eab718f-ac9d-44c9-b3f4-cba188bba011",
              "isHook": false,
              "skipped": true
            },
            {
              "title": "Opening BDJobs Private International Agencies",
              "fullTitle": "BDJobs Main Page Opening BDJobs Private International Agencies",
              "timedOut": null,
              "duration": 7,
              "state": "pending",
              "speed": null,
              "pass": false,
              "fail": false,
              "pending": false,
              "context": null,
              "code": "// register this scenario with the cucumber data collector\n// but don't run it\n// Tell mocha this is a skipped test so it also shows correctly in Cypress\nconst state = window.testState;\ncy.then(() => state.onStartScenario(scenario, indexedSteps))\n  .then(() => state.onFinishScenario(scenario))\n  // eslint-disable-next-line func-names\n  .then(function () {\n    return this.skip();\n  });",
              "err": {},
              "uuid": "a7136aaa-ffa9-4d49-9a45-0a2208689511",
              "parentUUID": "4eab718f-ac9d-44c9-b3f4-cba188bba011",
              "isHook": false,
              "skipped": true
            },
            {
              "title": "Opening BDJobs Others Jobs",
              "fullTitle": "BDJobs Main Page Opening BDJobs Others Jobs",
              "timedOut": null,
              "duration": 10,
              "state": "pending",
              "speed": null,
              "pass": false,
              "fail": false,
              "pending": false,
              "context": null,
              "code": "// register this scenario with the cucumber data collector\n// but don't run it\n// Tell mocha this is a skipped test so it also shows correctly in Cypress\nconst state = window.testState;\ncy.then(() => state.onStartScenario(scenario, indexedSteps))\n  .then(() => state.onFinishScenario(scenario))\n  // eslint-disable-next-line func-names\n  .then(function () {\n    return this.skip();\n  });",
              "err": {},
              "uuid": "6e578dad-2929-4ee1-9919-efd1b34d7b52",
              "parentUUID": "4eab718f-ac9d-44c9-b3f4-cba188bba011",
              "isHook": false,
              "skipped": true
            }
          ],
          "suites": [],
          "passes": [
            "85e00dd3-ab0d-4578-a428-000e0b42c998",
            "1461077e-9b42-45a6-8e4b-adac295700bb"
          ],
          "failures": [],
          "pending": [],
          "skipped": [
            "5213f673-66d4-433c-b80b-af98f61620fb",
            "fa0de0c6-2253-4bbd-b5b3-2c19dcf38433",
            "a7136aaa-ffa9-4d49-9a45-0a2208689511",
            "6e578dad-2929-4ee1-9919-efd1b34d7b52"
          ],
          "duration": 41199,
          "root": false,
          "rootEmpty": false,
          "_timeout": 2000
        }
      ],
      "passes": [],
      "failures": [],
      "pending": [],
      "skipped": [],
      "duration": 0,
      "root": true,
      "rootEmpty": true,
      "_timeout": 2000
    }
  ],
  "meta": {
    "mocha": {
      "version": "7.0.1"
    },
    "mochawesome": {
      "options": {
        "quiet": false,
        "reportFilename": "mochawesome",
        "saveHtml": true,
        "saveJson": true,
        "consoleReporter": "spec",
        "useInlineDiffs": false,
        "code": true
      },
      "version": "7.1.3"
    },
    "marge": {
      "options": {
        "charts": true,
        "overwrite": false,
        "html": true,
        "json": true,
        "reportDir": "cypress/reports"
      },
      "version": "6.2.0"
    }
  }
}