{
  "stats": {
    "suites": 1,
    "tests": 1,
    "passes": 0,
    "pending": 0,
    "failures": 1,
    "start": "2022-05-26T11:16:36.632Z",
    "end": "2022-05-26T11:16:38.361Z",
    "duration": 1729,
    "testsRegistered": 1,
    "passPercent": 0,
    "pendingPercent": 0,
    "other": 0,
    "hasOther": false,
    "skipped": 0,
    "hasSkipped": false
  },
  "results": [
    {
      "uuid": "dcffa3eb-f01a-4cf4-afdd-baa536a8a4ec",
      "title": "",
      "fullFile": "cypress/integration/Allure.feature",
      "file": "cypress/integration/Allure.feature",
      "beforeHooks": [],
      "afterHooks": [],
      "tests": [],
      "suites": [
        {
          "uuid": "8bedbb61-b93f-41da-9954-436502c4e884",
          "title": "Allure Result",
          "fullFile": "",
          "file": "",
          "beforeHooks": [],
          "afterHooks": [],
          "tests": [
            {
              "title": "Open Allure Report",
              "fullTitle": "Allure Result Open Allure Report",
              "timedOut": null,
              "duration": 59,
              "state": "failed",
              "speed": null,
              "pass": false,
              "fail": true,
              "pending": false,
              "context": null,
              "code": "const state = window.testState;\nreturn cy\n  .then(() => state.onStartScenario(scenario, indexedSteps))\n  .then(() =>\n    resolveAndRunBeforeHooks.call(this, scenario.tags, state.feature.name)\n  )\n  .then(() =>\n    indexedSteps.forEach((step) =>\n      stepTest.call(this, state, step, rowData)\n    )\n  )\n  .then(() => state.onFinishScenario(scenario));",
              "err": {
                "message": "CypressError: `cy.visit()` failed trying to load:\n\nhttp://127.0.0.1:5500/allure-report/index.html\n\nThe response we received from your web server was:\n\n  > 404: Not Found\n\nThis was considered a failure because the status code was not `2xx`.\n\nIf you do not want status codes to cause failures pass the option: `failOnStatusCode: false`",
                "estack": "CypressError: `cy.visit()` failed trying to load:\n\nhttp://127.0.0.1:5500/allure-report/index.html\n\nThe response we received from your web server was:\n\n  > 404: Not Found\n\nThis was considered a failure because the status code was not `2xx`.\n\nIf you do not want status codes to cause failures pass the option: `failOnStatusCode: false`\n    at http://127.0.0.1:5500/__cypress/runner/cypress_runner.js:163591:84\n    at visitFailedByErr (http://127.0.0.1:5500/__cypress/runner/cypress_runner.js:162912:12)\n    at http://127.0.0.1:5500/__cypress/runner/cypress_runner.js:163571:13\n    at tryCatcher (http://127.0.0.1:5500/__cypress/runner/cypress_runner.js:13022:23)\n    at Promise._settlePromiseFromHandler (http://127.0.0.1:5500/__cypress/runner/cypress_runner.js:10957:31)\n    at Promise._settlePromise (http://127.0.0.1:5500/__cypress/runner/cypress_runner.js:11014:18)\n    at Promise._settlePromise0 (http://127.0.0.1:5500/__cypress/runner/cypress_runner.js:11059:10)\n    at Promise._settlePromises (http://127.0.0.1:5500/__cypress/runner/cypress_runner.js:11135:18)\n    at _drainQueueStep (http://127.0.0.1:5500/__cypress/runner/cypress_runner.js:7729:12)\n    at _drainQueue (http://127.0.0.1:5500/__cypress/runner/cypress_runner.js:7722:9)\n    at Async.../../node_modules/bluebird/js/release/async.js.Async._drainQueues (http://127.0.0.1:5500/__cypress/runner/cypress_runner.js:7738:5)\n    at Async.drainQueues (http://127.0.0.1:5500/__cypress/runner/cypress_runner.js:7608:14)\nFrom Your Spec Code:\n    at Context.eval (http://127.0.0.1:5500/__cypress/tests?p=cypress\\integration\\Allure.feature:50:6)\n    at Context.resolveAndRunStepDefinition (http://127.0.0.1:5500/__cypress/tests?p=cypress\\integration\\Allure.feature:10745:29)\n    at Context.eval (http://127.0.0.1:5500/__cypress/tests?p=cypress\\integration\\Allure.feature:10066:35)",
                "diff": null
              },
              "uuid": "780637b2-23cc-4133-b03b-5ff856800cdb",
              "parentUUID": "8bedbb61-b93f-41da-9954-436502c4e884",
              "isHook": false,
              "skipped": false
            }
          ],
          "suites": [],
          "passes": [],
          "failures": [
            "780637b2-23cc-4133-b03b-5ff856800cdb"
          ],
          "pending": [],
          "skipped": [],
          "duration": 59,
          "root": false,
          "rootEmpty": false,
          "_timeout": 2000
        }
      ],
      "passes": [],
      "failures": [],
      "pending": [],
      "skipped": [],
      "duration": 0,
      "root": true,
      "rootEmpty": true,
      "_timeout": 2000
    }
  ],
  "meta": {
    "mocha": {
      "version": "7.0.1"
    },
    "mochawesome": {
      "options": {
        "quiet": false,
        "reportFilename": "mochawesome",
        "saveHtml": true,
        "saveJson": true,
        "consoleReporter": "spec",
        "useInlineDiffs": false,
        "code": true
      },
      "version": "7.1.3"
    },
    "marge": {
      "options": {
        "charts": true,
        "overwrite": false,
        "html": true,
        "json": true,
        "reportDir": "cypress/reports"
      },
      "version": "6.2.0"
    }
  }
}