{
  "stats": {
    "suites": 1,
    "tests": 2,
    "passes": 1,
    "pending": 1,
    "failures": 0,
    "start": "2022-05-26T11:18:39.089Z",
    "end": "2022-05-26T11:18:51.425Z",
    "duration": 12336,
    "testsRegistered": 2,
    "passPercent": 100,
    "pendingPercent": 50,
    "other": 0,
    "hasOther": false,
    "skipped": 1,
    "hasSkipped": true
  },
  "results": [
    {
      "uuid": "2daa5e56-033a-43cb-b46d-4fdda76c04d6",
      "title": "",
      "fullFile": "cypress/integration/Google.feature",
      "file": "cypress/integration/Google.feature",
      "beforeHooks": [],
      "afterHooks": [],
      "tests": [],
      "suites": [
        {
          "uuid": "91a71486-d3aa-4f1a-bb03-a6bd5c5ca45d",
          "title": "Google Main Page",
          "fullFile": "",
          "file": "",
          "beforeHooks": [],
          "afterHooks": [],
          "tests": [
            {
              "title": "Opening a search engine page",
              "fullTitle": "Google Main Page Opening a search engine page",
              "timedOut": null,
              "duration": 23,
              "state": "pending",
              "speed": null,
              "pass": false,
              "fail": false,
              "pending": false,
              "context": null,
              "code": "// register this scenario with the cucumber data collector\n// but don't run it\n// Tell mocha this is a skipped test so it also shows correctly in Cypress\nconst state = window.testState;\ncy.then(() => state.onStartScenario(scenario, indexedSteps))\n  .then(() => state.onFinishScenario(scenario))\n  // eslint-disable-next-line func-names\n  .then(function () {\n    return this.skip();\n  });",
              "err": {},
              "uuid": "fde52bae-713c-44f8-8b14-546353901aa6",
              "parentUUID": "91a71486-d3aa-4f1a-bb03-a6bd5c5ca45d",
              "isHook": false,
              "skipped": true
            },
            {
              "title": "Opening Gmail page",
              "fullTitle": "Google Main Page Opening Gmail page",
              "timedOut": null,
              "duration": 10027,
              "state": "passed",
              "speed": "slow",
              "pass": true,
              "fail": false,
              "pending": false,
              "context": null,
              "code": "const state = window.testState;\nreturn cy\n  .then(() => state.onStartScenario(scenario, indexedSteps))\n  .then(() =>\n    resolveAndRunBeforeHooks.call(this, scenario.tags, state.feature.name)\n  )\n  .then(() =>\n    indexedSteps.forEach((step) =>\n      stepTest.call(this, state, step, rowData)\n    )\n  )\n  .then(() => state.onFinishScenario(scenario));",
              "err": {},
              "uuid": "5a7f837e-9f47-495c-810c-91bbea2ee357",
              "parentUUID": "91a71486-d3aa-4f1a-bb03-a6bd5c5ca45d",
              "isHook": false,
              "skipped": false
            }
          ],
          "suites": [],
          "passes": [
            "5a7f837e-9f47-495c-810c-91bbea2ee357"
          ],
          "failures": [],
          "pending": [],
          "skipped": [
            "fde52bae-713c-44f8-8b14-546353901aa6"
          ],
          "duration": 10050,
          "root": false,
          "rootEmpty": false,
          "_timeout": 2000
        }
      ],
      "passes": [],
      "failures": [],
      "pending": [],
      "skipped": [],
      "duration": 0,
      "root": true,
      "rootEmpty": true,
      "_timeout": 2000
    }
  ],
  "meta": {
    "mocha": {
      "version": "7.0.1"
    },
    "mochawesome": {
      "options": {
        "quiet": false,
        "reportFilename": "mochawesome",
        "saveHtml": true,
        "saveJson": true,
        "consoleReporter": "spec",
        "useInlineDiffs": false,
        "code": true
      },
      "version": "7.1.3"
    },
    "marge": {
      "options": {
        "charts": true,
        "overwrite": false,
        "html": true,
        "json": true,
        "reportDir": "cypress/reports"
      },
      "version": "6.2.0"
    }
  }
}