{
  "stats": {
    "suites": 1,
    "tests": 6,
    "passes": 2,
    "pending": 4,
    "failures": 0,
    "start": "2022-05-27T09:45:33.969Z",
    "end": "2022-05-27T09:46:27.121Z",
    "duration": 53152,
    "testsRegistered": 6,
    "passPercent": 100,
    "pendingPercent": 66.66666666666666,
    "other": 0,
    "hasOther": false,
    "skipped": 4,
    "hasSkipped": true
  },
  "results": [
    {
      "uuid": "f59513e6-75d5-4dcf-a7a5-a7a2a939a6e3",
      "title": "",
      "fullFile": "cypress/integration/BDJobs.feature",
      "file": "cypress/integration/BDJobs.feature",
      "beforeHooks": [],
      "afterHooks": [],
      "tests": [],
      "suites": [
        {
          "uuid": "892192e3-01e0-427a-9596-87a8bde75420",
          "title": "BDJobs Main Page",
          "fullFile": "",
          "file": "",
          "beforeHooks": [],
          "afterHooks": [],
          "tests": [
            {
              "title": "Opening BDJobs Government Jobs",
              "fullTitle": "BDJobs Main Page Opening BDJobs Government Jobs",
              "timedOut": null,
              "duration": 27985,
              "state": "passed",
              "speed": "slow",
              "pass": true,
              "fail": false,
              "pending": false,
              "context": null,
              "code": "const state = window.testState;\nreturn cy\n  .then(() => state.onStartScenario(scenario, indexedSteps))\n  .then(() =>\n    resolveAndRunBeforeHooks.call(this, scenario.tags, state.feature.name)\n  )\n  .then(() =>\n    indexedSteps.forEach((step) =>\n      stepTest.call(this, state, step, rowData)\n    )\n  )\n  .then(() => state.onFinishScenario(scenario));",
              "err": {},
              "uuid": "669db951-394a-4e04-88dc-05cab301bbfa",
              "parentUUID": "892192e3-01e0-427a-9596-87a8bde75420",
              "isHook": false,
              "skipped": false
            },
            {
              "title": "Opening BDJobs Semi Government Jobs",
              "fullTitle": "BDJobs Main Page Opening BDJobs Semi Government Jobs",
              "timedOut": null,
              "duration": 20497,
              "state": "passed",
              "speed": "slow",
              "pass": true,
              "fail": false,
              "pending": false,
              "context": null,
              "code": "const state = window.testState;\nreturn cy\n  .then(() => state.onStartScenario(scenario, indexedSteps))\n  .then(() =>\n    resolveAndRunBeforeHooks.call(this, scenario.tags, state.feature.name)\n  )\n  .then(() =>\n    indexedSteps.forEach((step) =>\n      stepTest.call(this, state, step, rowData)\n    )\n  )\n  .then(() => state.onFinishScenario(scenario));",
              "err": {},
              "uuid": "707538f9-0348-4f0b-bcce-0fb43c99d663",
              "parentUUID": "892192e3-01e0-427a-9596-87a8bde75420",
              "isHook": false,
              "skipped": false
            },
            {
              "title": "Opening BDJobs NGO Jobs",
              "fullTitle": "BDJobs Main Page Opening BDJobs NGO Jobs",
              "timedOut": null,
              "duration": 115,
              "state": "pending",
              "speed": null,
              "pass": false,
              "fail": false,
              "pending": false,
              "context": null,
              "code": "// register this scenario with the cucumber data collector\n// but don't run it\n// Tell mocha this is a skipped test so it also shows correctly in Cypress\nconst state = window.testState;\ncy.then(() => state.onStartScenario(scenario, indexedSteps))\n  .then(() => state.onFinishScenario(scenario))\n  // eslint-disable-next-line func-names\n  .then(function () {\n    return this.skip();\n  });",
              "err": {},
              "uuid": "69456ff1-29c4-408b-b8e3-2cfe5ad079df",
              "parentUUID": "892192e3-01e0-427a-9596-87a8bde75420",
              "isHook": false,
              "skipped": true
            },
            {
              "title": "Opening BDJobs Private Firm Company Jobs",
              "fullTitle": "BDJobs Main Page Opening BDJobs Private Firm Company Jobs",
              "timedOut": null,
              "duration": 7,
              "state": "pending",
              "speed": null,
              "pass": false,
              "fail": false,
              "pending": false,
              "context": null,
              "code": "// register this scenario with the cucumber data collector\n// but don't run it\n// Tell mocha this is a skipped test so it also shows correctly in Cypress\nconst state = window.testState;\ncy.then(() => state.onStartScenario(scenario, indexedSteps))\n  .then(() => state.onFinishScenario(scenario))\n  // eslint-disable-next-line func-names\n  .then(function () {\n    return this.skip();\n  });",
              "err": {},
              "uuid": "832a304e-320a-473e-af5b-851fe46217a0",
              "parentUUID": "892192e3-01e0-427a-9596-87a8bde75420",
              "isHook": false,
              "skipped": true
            },
            {
              "title": "Opening BDJobs Private International Agencies",
              "fullTitle": "BDJobs Main Page Opening BDJobs Private International Agencies",
              "timedOut": null,
              "duration": 8,
              "state": "pending",
              "speed": null,
              "pass": false,
              "fail": false,
              "pending": false,
              "context": null,
              "code": "// register this scenario with the cucumber data collector\n// but don't run it\n// Tell mocha this is a skipped test so it also shows correctly in Cypress\nconst state = window.testState;\ncy.then(() => state.onStartScenario(scenario, indexedSteps))\n  .then(() => state.onFinishScenario(scenario))\n  // eslint-disable-next-line func-names\n  .then(function () {\n    return this.skip();\n  });",
              "err": {},
              "uuid": "2269d6a8-1007-4eed-8ff7-a18d95f3527c",
              "parentUUID": "892192e3-01e0-427a-9596-87a8bde75420",
              "isHook": false,
              "skipped": true
            },
            {
              "title": "Opening BDJobs Others Jobs",
              "fullTitle": "BDJobs Main Page Opening BDJobs Others Jobs",
              "timedOut": null,
              "duration": 13,
              "state": "pending",
              "speed": null,
              "pass": false,
              "fail": false,
              "pending": false,
              "context": null,
              "code": "// register this scenario with the cucumber data collector\n// but don't run it\n// Tell mocha this is a skipped test so it also shows correctly in Cypress\nconst state = window.testState;\ncy.then(() => state.onStartScenario(scenario, indexedSteps))\n  .then(() => state.onFinishScenario(scenario))\n  // eslint-disable-next-line func-names\n  .then(function () {\n    return this.skip();\n  });",
              "err": {},
              "uuid": "0f54b06c-a07b-4771-abb0-6fb21e7965ab",
              "parentUUID": "892192e3-01e0-427a-9596-87a8bde75420",
              "isHook": false,
              "skipped": true
            }
          ],
          "suites": [],
          "passes": [
            "669db951-394a-4e04-88dc-05cab301bbfa",
            "707538f9-0348-4f0b-bcce-0fb43c99d663"
          ],
          "failures": [],
          "pending": [],
          "skipped": [
            "69456ff1-29c4-408b-b8e3-2cfe5ad079df",
            "832a304e-320a-473e-af5b-851fe46217a0",
            "2269d6a8-1007-4eed-8ff7-a18d95f3527c",
            "0f54b06c-a07b-4771-abb0-6fb21e7965ab"
          ],
          "duration": 48625,
          "root": false,
          "rootEmpty": false,
          "_timeout": 2000
        }
      ],
      "passes": [],
      "failures": [],
      "pending": [],
      "skipped": [],
      "duration": 0,
      "root": true,
      "rootEmpty": true,
      "_timeout": 2000
    }
  ],
  "meta": {
    "mocha": {
      "version": "7.0.1"
    },
    "mochawesome": {
      "options": {
        "quiet": false,
        "reportFilename": "mochawesome",
        "saveHtml": true,
        "saveJson": true,
        "consoleReporter": "spec",
        "useInlineDiffs": false,
        "code": true
      },
      "version": "7.1.3"
    },
    "marge": {
      "options": {
        "charts": true,
        "overwrite": false,
        "html": true,
        "json": true,
        "reportDir": "cypress/reports"
      },
      "version": "6.2.0"
    }
  }
}