{
  "stats": {
    "suites": 1,
    "tests": 6,
    "passes": 2,
    "pending": 4,
    "failures": 0,
    "start": "2022-05-27T09:57:57.486Z",
    "end": "2022-05-27T09:58:50.368Z",
    "duration": 52882,
    "testsRegistered": 6,
    "passPercent": 100,
    "pendingPercent": 66.66666666666666,
    "other": 0,
    "hasOther": false,
    "skipped": 4,
    "hasSkipped": true
  },
  "results": [
    {
      "uuid": "5750ce88-eee7-4ecf-9275-df65ca0cdad7",
      "title": "",
      "fullFile": "cypress/integration/Test/BDJobs.feature",
      "file": "cypress/integration/Test/BDJobs.feature",
      "beforeHooks": [],
      "afterHooks": [],
      "tests": [],
      "suites": [
        {
          "uuid": "ef0e5a5b-6f70-476b-b355-c86c8bb5f372",
          "title": "BDJobs Main Page",
          "fullFile": "",
          "file": "",
          "beforeHooks": [],
          "afterHooks": [],
          "tests": [
            {
              "title": "Opening BDJobs Government Jobs",
              "fullTitle": "BDJobs Main Page Opening BDJobs Government Jobs",
              "timedOut": null,
              "duration": 26696,
              "state": "passed",
              "speed": "slow",
              "pass": true,
              "fail": false,
              "pending": false,
              "context": null,
              "code": "const state = window.testState;\nreturn cy\n  .then(() => state.onStartScenario(scenario, indexedSteps))\n  .then(() =>\n    resolveAndRunBeforeHooks.call(this, scenario.tags, state.feature.name)\n  )\n  .then(() =>\n    indexedSteps.forEach((step) =>\n      stepTest.call(this, state, step, rowData)\n    )\n  )\n  .then(() => state.onFinishScenario(scenario));",
              "err": {},
              "uuid": "7ff3d253-3302-40e5-8179-12302798f344",
              "parentUUID": "ef0e5a5b-6f70-476b-b355-c86c8bb5f372",
              "isHook": false,
              "skipped": false
            },
            {
              "title": "Opening BDJobs Semi Government Jobs",
              "fullTitle": "BDJobs Main Page Opening BDJobs Semi Government Jobs",
              "timedOut": null,
              "duration": 21533,
              "state": "passed",
              "speed": "slow",
              "pass": true,
              "fail": false,
              "pending": false,
              "context": null,
              "code": "const state = window.testState;\nreturn cy\n  .then(() => state.onStartScenario(scenario, indexedSteps))\n  .then(() =>\n    resolveAndRunBeforeHooks.call(this, scenario.tags, state.feature.name)\n  )\n  .then(() =>\n    indexedSteps.forEach((step) =>\n      stepTest.call(this, state, step, rowData)\n    )\n  )\n  .then(() => state.onFinishScenario(scenario));",
              "err": {},
              "uuid": "50147155-fcc6-44c9-ab9a-21d08f6d59a9",
              "parentUUID": "ef0e5a5b-6f70-476b-b355-c86c8bb5f372",
              "isHook": false,
              "skipped": false
            },
            {
              "title": "Opening BDJobs NGO Jobs",
              "fullTitle": "BDJobs Main Page Opening BDJobs NGO Jobs",
              "timedOut": null,
              "duration": 122,
              "state": "pending",
              "speed": null,
              "pass": false,
              "fail": false,
              "pending": false,
              "context": null,
              "code": "// register this scenario with the cucumber data collector\n// but don't run it\n// Tell mocha this is a skipped test so it also shows correctly in Cypress\nconst state = window.testState;\ncy.then(() => state.onStartScenario(scenario, indexedSteps))\n  .then(() => state.onFinishScenario(scenario))\n  // eslint-disable-next-line func-names\n  .then(function () {\n    return this.skip();\n  });",
              "err": {},
              "uuid": "a6d71e50-e384-4576-a429-caf5fe9a5f9f",
              "parentUUID": "ef0e5a5b-6f70-476b-b355-c86c8bb5f372",
              "isHook": false,
              "skipped": true
            },
            {
              "title": "Opening BDJobs Private Firm Company Jobs",
              "fullTitle": "BDJobs Main Page Opening BDJobs Private Firm Company Jobs",
              "timedOut": null,
              "duration": 10,
              "state": "pending",
              "speed": null,
              "pass": false,
              "fail": false,
              "pending": false,
              "context": null,
              "code": "// register this scenario with the cucumber data collector\n// but don't run it\n// Tell mocha this is a skipped test so it also shows correctly in Cypress\nconst state = window.testState;\ncy.then(() => state.onStartScenario(scenario, indexedSteps))\n  .then(() => state.onFinishScenario(scenario))\n  // eslint-disable-next-line func-names\n  .then(function () {\n    return this.skip();\n  });",
              "err": {},
              "uuid": "00e767d3-4fe8-44de-b06d-8f098446aa0f",
              "parentUUID": "ef0e5a5b-6f70-476b-b355-c86c8bb5f372",
              "isHook": false,
              "skipped": true
            },
            {
              "title": "Opening BDJobs Private International Agencies",
              "fullTitle": "BDJobs Main Page Opening BDJobs Private International Agencies",
              "timedOut": null,
              "duration": 6,
              "state": "pending",
              "speed": null,
              "pass": false,
              "fail": false,
              "pending": false,
              "context": null,
              "code": "// register this scenario with the cucumber data collector\n// but don't run it\n// Tell mocha this is a skipped test so it also shows correctly in Cypress\nconst state = window.testState;\ncy.then(() => state.onStartScenario(scenario, indexedSteps))\n  .then(() => state.onFinishScenario(scenario))\n  // eslint-disable-next-line func-names\n  .then(function () {\n    return this.skip();\n  });",
              "err": {},
              "uuid": "21e07645-2ff0-4863-98f9-20b819fdafa7",
              "parentUUID": "ef0e5a5b-6f70-476b-b355-c86c8bb5f372",
              "isHook": false,
              "skipped": true
            },
            {
              "title": "Opening BDJobs Others Jobs",
              "fullTitle": "BDJobs Main Page Opening BDJobs Others Jobs",
              "timedOut": null,
              "duration": 17,
              "state": "pending",
              "speed": null,
              "pass": false,
              "fail": false,
              "pending": false,
              "context": null,
              "code": "// register this scenario with the cucumber data collector\n// but don't run it\n// Tell mocha this is a skipped test so it also shows correctly in Cypress\nconst state = window.testState;\ncy.then(() => state.onStartScenario(scenario, indexedSteps))\n  .then(() => state.onFinishScenario(scenario))\n  // eslint-disable-next-line func-names\n  .then(function () {\n    return this.skip();\n  });",
              "err": {},
              "uuid": "165ad230-13be-4b29-a9ed-d84099346f52",
              "parentUUID": "ef0e5a5b-6f70-476b-b355-c86c8bb5f372",
              "isHook": false,
              "skipped": true
            }
          ],
          "suites": [],
          "passes": [
            "7ff3d253-3302-40e5-8179-12302798f344",
            "50147155-fcc6-44c9-ab9a-21d08f6d59a9"
          ],
          "failures": [],
          "pending": [],
          "skipped": [
            "a6d71e50-e384-4576-a429-caf5fe9a5f9f",
            "00e767d3-4fe8-44de-b06d-8f098446aa0f",
            "21e07645-2ff0-4863-98f9-20b819fdafa7",
            "165ad230-13be-4b29-a9ed-d84099346f52"
          ],
          "duration": 48384,
          "root": false,
          "rootEmpty": false,
          "_timeout": 2000
        }
      ],
      "passes": [],
      "failures": [],
      "pending": [],
      "skipped": [],
      "duration": 0,
      "root": true,
      "rootEmpty": true,
      "_timeout": 2000
    }
  ],
  "meta": {
    "mocha": {
      "version": "7.0.1"
    },
    "mochawesome": {
      "options": {
        "quiet": false,
        "reportFilename": "mochawesome",
        "saveHtml": true,
        "saveJson": true,
        "consoleReporter": "spec",
        "useInlineDiffs": false,
        "code": true
      },
      "version": "7.1.3"
    },
    "marge": {
      "options": {
        "charts": true,
        "overwrite": false,
        "html": true,
        "json": true,
        "reportDir": "cypress/reports"
      },
      "version": "6.2.0"
    }
  }
}